{"/Volumes/WORK/React/Jogging-Tracking/server/config.js": {"path":"/Volumes/WORK/React/Jogging-Tracking/server/config.js","statementMap":{"0":{"start":{"line":1,"column":15},"end":{"line":1,"column":32}},"1":{"start":{"line":4,"column":0},"end":{"line":8,"column":1}},"2":{"start":{"line":5,"column":2},"end":{"line":5,"column":18}},"3":{"start":{"line":7,"column":2},"end":{"line":7,"column":56}},"4":{"start":{"line":10,"column":0},"end":{"line":14,"column":2}}},"fnMap":{},"branchMap":{},"s":{"0":1,"1":1,"2":1,"3":0,"4":1},"f":{},"b":{},"_coverageSchema":"332fd63041d2c1bcb487cc26dd0d5f7d97098a6c","hash":"d6634ea60002abc552da3f84d4190200ce1de8f9"}
,"/Volumes/WORK/React/Jogging-Tracking/server/api/constants/role.js": {"path":"/Volumes/WORK/React/Jogging-Tracking/server/api/constants/role.js","statementMap":{"0":{"start":{"line":1,"column":0},"end":{"line":5,"column":2}}},"fnMap":{},"branchMap":{},"s":{"0":1},"f":{},"b":{},"_coverageSchema":"332fd63041d2c1bcb487cc26dd0d5f7d97098a6c","hash":"e7dfeff4f04cc8cce74f610429c7199fab98853a"}
,"/Volumes/WORK/React/Jogging-Tracking/server/api/controllers/auth.controller.js": {"path":"/Volumes/WORK/React/Jogging-Tracking/server/api/controllers/auth.controller.js","statementMap":{"0":{"start":{"line":1,"column":12},"end":{"line":1,"column":35}},"1":{"start":{"line":2,"column":15},"end":{"line":2,"column":38}},"2":{"start":{"line":3,"column":13},"end":{"line":3,"column":44}},"3":{"start":{"line":6,"column":2},"end":{"line":35,"column":17}},"4":{"start":{"line":10,"column":6},"end":{"line":12,"column":7}},"5":{"start":{"line":11,"column":8},"end":{"line":11,"column":85}},"6":{"start":{"line":14,"column":6},"end":{"line":33,"column":9}},"7":{"start":{"line":16,"column":22},"end":{"line":21,"column":62}},"8":{"start":{"line":23,"column":8},"end":{"line":29,"column":11}},"9":{"start":{"line":32,"column":8},"end":{"line":32,"column":78}},"10":{"start":{"line":39,"column":15},"end":{"line":43,"column":4}},"11":{"start":{"line":45,"column":2},"end":{"line":49,"column":15}},"12":{"start":{"line":47,"column":4},"end":{"line":47,"column":22}},"13":{"start":{"line":52,"column":0},"end":{"line":55,"column":2}}},"fnMap":{"0":{"name":"login","decl":{"start":{"line":5,"column":9},"end":{"line":5,"column":14}},"loc":{"start":{"line":5,"column":31},"end":{"line":36,"column":1}},"line":5},"1":{"name":"(anonymous_1)","decl":{"start":{"line":9,"column":10},"end":{"line":9,"column":11}},"loc":{"start":{"line":9,"column":20},"end":{"line":34,"column":5}},"line":9},"2":{"name":"(anonymous_2)","decl":{"start":{"line":15,"column":12},"end":{"line":15,"column":13}},"loc":{"start":{"line":15,"column":18},"end":{"line":30,"column":7}},"line":15},"3":{"name":"(anonymous_3)","decl":{"start":{"line":31,"column":13},"end":{"line":31,"column":14}},"loc":{"start":{"line":31,"column":19},"end":{"line":33,"column":7}},"line":31},"4":{"name":"signup","decl":{"start":{"line":38,"column":9},"end":{"line":38,"column":15}},"loc":{"start":{"line":38,"column":32},"end":{"line":50,"column":1}},"line":38},"5":{"name":"(anonymous_5)","decl":{"start":{"line":46,"column":8},"end":{"line":46,"column":9}},"loc":{"start":{"line":46,"column":21},"end":{"line":48,"column":3}},"line":46}},"branchMap":{"0":{"loc":{"start":{"line":10,"column":6},"end":{"line":12,"column":7}},"type":"if","locations":[{"start":{"line":10,"column":6},"end":{"line":12,"column":7}},{"start":{"line":10,"column":6},"end":{"line":12,"column":7}}],"line":10}},"s":{"0":1,"1":1,"2":1,"3":2,"4":2,"5":1,"6":1,"7":1,"8":1,"9":0,"10":0,"11":0,"12":0,"13":1},"f":{"0":2,"1":2,"2":1,"3":0,"4":0,"5":0},"b":{"0":[1,1]},"_coverageSchema":"332fd63041d2c1bcb487cc26dd0d5f7d97098a6c","hash":"274571f5db491df6379ab9b72f4d8da816fc27d5"}
,"/Volumes/WORK/React/Jogging-Tracking/server/api/controllers/record.controller.js": {"path":"/Volumes/WORK/React/Jogging-Tracking/server/api/controllers/record.controller.js","statementMap":{"0":{"start":{"line":1,"column":17},"end":{"line":1,"column":36}},"1":{"start":{"line":2,"column":15},"end":{"line":2,"column":48}},"2":{"start":{"line":3,"column":14},"end":{"line":3,"column":42}},"3":{"start":{"line":6,"column":17},"end":{"line":6,"column":37}},"4":{"start":{"line":7,"column":2},"end":{"line":7,"column":29}},"5":{"start":{"line":9,"column":2},"end":{"line":13,"column":15}},"6":{"start":{"line":11,"column":4},"end":{"line":11,"column":24}},"7":{"start":{"line":17,"column":2},"end":{"line":17,"column":38}},"8":{"start":{"line":19,"column":2},"end":{"line":23,"column":15}},"9":{"start":{"line":21,"column":4},"end":{"line":21,"column":28}},"10":{"start":{"line":27,"column":2},"end":{"line":27,"column":23}},"11":{"start":{"line":31,"column":16},"end":{"line":31,"column":35}},"12":{"start":{"line":32,"column":14},"end":{"line":32,"column":16}},"13":{"start":{"line":33,"column":2},"end":{"line":35,"column":3}},"14":{"start":{"line":34,"column":4},"end":{"line":34,"column":35}},"15":{"start":{"line":37,"column":2},"end":{"line":44,"column":15}},"16":{"start":{"line":42,"column":4},"end":{"line":42,"column":22}},"17":{"start":{"line":48,"column":2},"end":{"line":51,"column":15}},"18":{"start":{"line":49,"column":4},"end":{"line":49,"column":25}},"19":{"start":{"line":55,"column":14},"end":{"line":55,"column":16}},"20":{"start":{"line":56,"column":2},"end":{"line":58,"column":3}},"21":{"start":{"line":57,"column":4},"end":{"line":57,"column":64}},"22":{"start":{"line":60,"column":2},"end":{"line":80,"column":5}},"23":{"start":{"line":73,"column":4},"end":{"line":77,"column":5}},"24":{"start":{"line":74,"column":6},"end":{"line":76,"column":9}},"25":{"start":{"line":79,"column":4},"end":{"line":79,"column":29}},"26":{"start":{"line":84,"column":2},"end":{"line":99,"column":15}},"27":{"start":{"line":86,"column":4},"end":{"line":89,"column":5}},"28":{"start":{"line":87,"column":6},"end":{"line":87,"column":60}},"29":{"start":{"line":88,"column":6},"end":{"line":88,"column":13}},"30":{"start":{"line":91,"column":4},"end":{"line":94,"column":5}},"31":{"start":{"line":92,"column":6},"end":{"line":92,"column":88}},"32":{"start":{"line":93,"column":6},"end":{"line":93,"column":13}},"33":{"start":{"line":96,"column":4},"end":{"line":96,"column":24}},"34":{"start":{"line":97,"column":4},"end":{"line":97,"column":11}},"35":{"start":{"line":102,"column":0},"end":{"line":110,"column":2}}},"fnMap":{"0":{"name":"create","decl":{"start":{"line":5,"column":9},"end":{"line":5,"column":15}},"loc":{"start":{"line":5,"column":32},"end":{"line":14,"column":1}},"line":5},"1":{"name":"(anonymous_1)","decl":{"start":{"line":10,"column":8},"end":{"line":10,"column":9}},"loc":{"start":{"line":10,"column":23},"end":{"line":12,"column":3}},"line":10},"2":{"name":"update","decl":{"start":{"line":16,"column":9},"end":{"line":16,"column":15}},"loc":{"start":{"line":16,"column":32},"end":{"line":24,"column":1}},"line":16},"3":{"name":"(anonymous_3)","decl":{"start":{"line":20,"column":8},"end":{"line":20,"column":9}},"loc":{"start":{"line":20,"column":27},"end":{"line":22,"column":3}},"line":20},"4":{"name":"read","decl":{"start":{"line":26,"column":9},"end":{"line":26,"column":13}},"loc":{"start":{"line":26,"column":24},"end":{"line":28,"column":1}},"line":26},"5":{"name":"list","decl":{"start":{"line":30,"column":9},"end":{"line":30,"column":13}},"loc":{"start":{"line":30,"column":30},"end":{"line":45,"column":1}},"line":30},"6":{"name":"(anonymous_6)","decl":{"start":{"line":41,"column":8},"end":{"line":41,"column":9}},"loc":{"start":{"line":41,"column":21},"end":{"line":43,"column":3}},"line":41},"7":{"name":"remove","decl":{"start":{"line":47,"column":9},"end":{"line":47,"column":15}},"loc":{"start":{"line":47,"column":32},"end":{"line":52,"column":1}},"line":47},"8":{"name":"(anonymous_8)","decl":{"start":{"line":48,"column":20},"end":{"line":48,"column":21}},"loc":{"start":{"line":48,"column":26},"end":{"line":50,"column":3}},"line":48},"9":{"name":"weeklyReport","decl":{"start":{"line":54,"column":9},"end":{"line":54,"column":21}},"loc":{"start":{"line":54,"column":32},"end":{"line":81,"column":1}},"line":54},"10":{"name":"(anonymous_10)","decl":{"start":{"line":72,"column":10},"end":{"line":72,"column":11}},"loc":{"start":{"line":72,"column":28},"end":{"line":80,"column":3}},"line":72},"11":{"name":"getRecordByID","decl":{"start":{"line":83,"column":9},"end":{"line":83,"column":22}},"loc":{"start":{"line":83,"column":43},"end":{"line":100,"column":1}},"line":83},"12":{"name":"(anonymous_12)","decl":{"start":{"line":85,"column":8},"end":{"line":85,"column":9}},"loc":{"start":{"line":85,"column":20},"end":{"line":98,"column":3}},"line":85}},"branchMap":{"0":{"loc":{"start":{"line":33,"column":2},"end":{"line":35,"column":3}},"type":"if","locations":[{"start":{"line":33,"column":2},"end":{"line":35,"column":3}},{"start":{"line":33,"column":2},"end":{"line":35,"column":3}}],"line":33},"1":{"loc":{"start":{"line":56,"column":2},"end":{"line":58,"column":3}},"type":"if","locations":[{"start":{"line":56,"column":2},"end":{"line":58,"column":3}},{"start":{"line":56,"column":2},"end":{"line":58,"column":3}}],"line":56},"2":{"loc":{"start":{"line":73,"column":4},"end":{"line":77,"column":5}},"type":"if","locations":[{"start":{"line":73,"column":4},"end":{"line":77,"column":5}},{"start":{"line":73,"column":4},"end":{"line":77,"column":5}}],"line":73},"3":{"loc":{"start":{"line":86,"column":4},"end":{"line":89,"column":5}},"type":"if","locations":[{"start":{"line":86,"column":4},"end":{"line":89,"column":5}},{"start":{"line":86,"column":4},"end":{"line":89,"column":5}}],"line":86},"4":{"loc":{"start":{"line":91,"column":4},"end":{"line":94,"column":5}},"type":"if","locations":[{"start":{"line":91,"column":4},"end":{"line":94,"column":5}},{"start":{"line":91,"column":4},"end":{"line":94,"column":5}}],"line":91},"5":{"loc":{"start":{"line":91,"column":8},"end":{"line":91,"column":80}},"type":"binary-expr","locations":[{"start":{"line":91,"column":8},"end":{"line":91,"column":47}},{"start":{"line":91,"column":51},"end":{"line":91,"column":80}}],"line":91}},"s":{"0":1,"1":1,"2":1,"3":0,"4":0,"5":0,"6":0,"7":0,"8":0,"9":0,"10":0,"11":0,"12":0,"13":0,"14":0,"15":0,"16":0,"17":0,"18":0,"19":0,"20":0,"21":0,"22":0,"23":0,"24":0,"25":0,"26":0,"27":0,"28":0,"29":0,"30":0,"31":0,"32":0,"33":0,"34":0,"35":1},"f":{"0":0,"1":0,"2":0,"3":0,"4":0,"5":0,"6":0,"7":0,"8":0,"9":0,"10":0,"11":0,"12":0},"b":{"0":[0,0],"1":[0,0],"2":[0,0],"3":[0,0],"4":[0,0],"5":[0,0]},"_coverageSchema":"332fd63041d2c1bcb487cc26dd0d5f7d97098a6c","hash":"6573def798106c941c2051516fee70f020308b64"}
,"/Volumes/WORK/React/Jogging-Tracking/server/api/controllers/user.controller.js": {"path":"/Volumes/WORK/React/Jogging-Tracking/server/api/controllers/user.controller.js","statementMap":{"0":{"start":{"line":1,"column":13},"end":{"line":1,"column":44}},"1":{"start":{"line":2,"column":14},"end":{"line":2,"column":42}},"2":{"start":{"line":5,"column":15},"end":{"line":9,"column":4}},"3":{"start":{"line":11,"column":2},"end":{"line":13,"column":3}},"4":{"start":{"line":12,"column":4},"end":{"line":12,"column":30}},"5":{"start":{"line":15,"column":2},"end":{"line":19,"column":15}},"6":{"start":{"line":17,"column":4},"end":{"line":17,"column":22}},"7":{"start":{"line":23,"column":2},"end":{"line":26,"column":5}},"8":{"start":{"line":28,"column":2},"end":{"line":30,"column":3}},"9":{"start":{"line":29,"column":4},"end":{"line":29,"column":47}},"10":{"start":{"line":32,"column":2},"end":{"line":34,"column":3}},"11":{"start":{"line":33,"column":4},"end":{"line":33,"column":39}},"12":{"start":{"line":36,"column":2},"end":{"line":40,"column":15}},"13":{"start":{"line":38,"column":4},"end":{"line":38,"column":26}},"14":{"start":{"line":44,"column":2},"end":{"line":44,"column":26}},"15":{"start":{"line":48,"column":14},"end":{"line":48,"column":16}},"16":{"start":{"line":49,"column":2},"end":{"line":51,"column":3}},"17":{"start":{"line":50,"column":4},"end":{"line":50,"column":43}},"18":{"start":{"line":53,"column":2},"end":{"line":57,"column":15}},"19":{"start":{"line":55,"column":4},"end":{"line":55,"column":20}},"20":{"start":{"line":61,"column":2},"end":{"line":64,"column":15}},"21":{"start":{"line":62,"column":4},"end":{"line":62,"column":28}},"22":{"start":{"line":68,"column":2},"end":{"line":78,"column":15}},"23":{"start":{"line":70,"column":4},"end":{"line":73,"column":5}},"24":{"start":{"line":71,"column":6},"end":{"line":71,"column":58}},"25":{"start":{"line":72,"column":6},"end":{"line":72,"column":13}},"26":{"start":{"line":75,"column":4},"end":{"line":75,"column":25}},"27":{"start":{"line":76,"column":4},"end":{"line":76,"column":11}},"28":{"start":{"line":82,"column":2},"end":{"line":92,"column":15}},"29":{"start":{"line":84,"column":4},"end":{"line":87,"column":5}},"30":{"start":{"line":85,"column":6},"end":{"line":85,"column":58}},"31":{"start":{"line":86,"column":6},"end":{"line":86,"column":13}},"32":{"start":{"line":89,"column":4},"end":{"line":89,"column":25}},"33":{"start":{"line":90,"column":4},"end":{"line":90,"column":11}},"34":{"start":{"line":95,"column":0},"end":{"line":103,"column":2}}},"fnMap":{"0":{"name":"create","decl":{"start":{"line":4,"column":9},"end":{"line":4,"column":15}},"loc":{"start":{"line":4,"column":32},"end":{"line":20,"column":1}},"line":4},"1":{"name":"(anonymous_1)","decl":{"start":{"line":16,"column":8},"end":{"line":16,"column":9}},"loc":{"start":{"line":16,"column":21},"end":{"line":18,"column":3}},"line":16},"2":{"name":"update","decl":{"start":{"line":22,"column":9},"end":{"line":22,"column":15}},"loc":{"start":{"line":22,"column":32},"end":{"line":41,"column":1}},"line":22},"3":{"name":"(anonymous_3)","decl":{"start":{"line":37,"column":8},"end":{"line":37,"column":9}},"loc":{"start":{"line":37,"column":25},"end":{"line":39,"column":3}},"line":37},"4":{"name":"read","decl":{"start":{"line":43,"column":9},"end":{"line":43,"column":13}},"loc":{"start":{"line":43,"column":24},"end":{"line":45,"column":1}},"line":43},"5":{"name":"list","decl":{"start":{"line":47,"column":9},"end":{"line":47,"column":13}},"loc":{"start":{"line":47,"column":30},"end":{"line":58,"column":1}},"line":47},"6":{"name":"(anonymous_6)","decl":{"start":{"line":54,"column":8},"end":{"line":54,"column":9}},"loc":{"start":{"line":54,"column":19},"end":{"line":56,"column":3}},"line":54},"7":{"name":"remove","decl":{"start":{"line":60,"column":9},"end":{"line":60,"column":15}},"loc":{"start":{"line":60,"column":32},"end":{"line":65,"column":1}},"line":60},"8":{"name":"(anonymous_8)","decl":{"start":{"line":61,"column":23},"end":{"line":61,"column":24}},"loc":{"start":{"line":61,"column":29},"end":{"line":63,"column":3}},"line":61},"9":{"name":"getUserByID","decl":{"start":{"line":67,"column":9},"end":{"line":67,"column":20}},"loc":{"start":{"line":67,"column":41},"end":{"line":79,"column":1}},"line":67},"10":{"name":"(anonymous_10)","decl":{"start":{"line":69,"column":8},"end":{"line":69,"column":9}},"loc":{"start":{"line":69,"column":18},"end":{"line":77,"column":3}},"line":69},"11":{"name":"getProfile","decl":{"start":{"line":81,"column":9},"end":{"line":81,"column":19}},"loc":{"start":{"line":81,"column":36},"end":{"line":93,"column":1}},"line":81},"12":{"name":"(anonymous_12)","decl":{"start":{"line":83,"column":8},"end":{"line":83,"column":9}},"loc":{"start":{"line":83,"column":18},"end":{"line":91,"column":3}},"line":83}},"branchMap":{"0":{"loc":{"start":{"line":11,"column":2},"end":{"line":13,"column":3}},"type":"if","locations":[{"start":{"line":11,"column":2},"end":{"line":13,"column":3}},{"start":{"line":11,"column":2},"end":{"line":13,"column":3}}],"line":11},"1":{"loc":{"start":{"line":11,"column":6},"end":{"line":11,"column":52}},"type":"binary-expr","locations":[{"start":{"line":11,"column":6},"end":{"line":11,"column":35}},{"start":{"line":11,"column":39},"end":{"line":11,"column":52}}],"line":11},"2":{"loc":{"start":{"line":28,"column":2},"end":{"line":30,"column":3}},"type":"if","locations":[{"start":{"line":28,"column":2},"end":{"line":30,"column":3}},{"start":{"line":28,"column":2},"end":{"line":30,"column":3}}],"line":28},"3":{"loc":{"start":{"line":32,"column":2},"end":{"line":34,"column":3}},"type":"if","locations":[{"start":{"line":32,"column":2},"end":{"line":34,"column":3}},{"start":{"line":32,"column":2},"end":{"line":34,"column":3}}],"line":32},"4":{"loc":{"start":{"line":32,"column":6},"end":{"line":32,"column":52}},"type":"binary-expr","locations":[{"start":{"line":32,"column":6},"end":{"line":32,"column":35}},{"start":{"line":32,"column":39},"end":{"line":32,"column":52}}],"line":32},"5":{"loc":{"start":{"line":49,"column":2},"end":{"line":51,"column":3}},"type":"if","locations":[{"start":{"line":49,"column":2},"end":{"line":51,"column":3}},{"start":{"line":49,"column":2},"end":{"line":51,"column":3}}],"line":49},"6":{"loc":{"start":{"line":70,"column":4},"end":{"line":73,"column":5}},"type":"if","locations":[{"start":{"line":70,"column":4},"end":{"line":73,"column":5}},{"start":{"line":70,"column":4},"end":{"line":73,"column":5}}],"line":70},"7":{"loc":{"start":{"line":84,"column":4},"end":{"line":87,"column":5}},"type":"if","locations":[{"start":{"line":84,"column":4},"end":{"line":87,"column":5}},{"start":{"line":84,"column":4},"end":{"line":87,"column":5}}],"line":84}},"s":{"0":1,"1":1,"2":0,"3":0,"4":0,"5":0,"6":0,"7":0,"8":0,"9":0,"10":0,"11":0,"12":0,"13":0,"14":0,"15":0,"16":0,"17":0,"18":0,"19":0,"20":0,"21":0,"22":0,"23":0,"24":0,"25":0,"26":0,"27":0,"28":0,"29":0,"30":0,"31":0,"32":0,"33":0,"34":1},"f":{"0":0,"1":0,"2":0,"3":0,"4":0,"5":0,"6":0,"7":0,"8":0,"9":0,"10":0,"11":0,"12":0},"b":{"0":[0,0],"1":[0,0],"2":[0,0],"3":[0,0],"4":[0,0],"5":[0,0],"6":[0,0],"7":[0,0]},"_coverageSchema":"332fd63041d2c1bcb487cc26dd0d5f7d97098a6c","hash":"89025a508c51f79ad7231f6f74bfdf5aa51e22c8"}
,"/Volumes/WORK/React/Jogging-Tracking/server/api/models/record.model.js": {"path":"/Volumes/WORK/React/Jogging-Tracking/server/api/models/record.model.js","statementMap":{"0":{"start":{"line":1,"column":17},"end":{"line":1,"column":36}},"1":{"start":{"line":2,"column":15},"end":{"line":2,"column":30}},"2":{"start":{"line":4,"column":23},"end":{"line":4,"column":49}},"3":{"start":{"line":4,"column":37},"end":{"line":4,"column":49}},"4":{"start":{"line":6,"column":21},"end":{"line":26,"column":2}},"5":{"start":{"line":28,"column":0},"end":{"line":28,"column":56}}},"fnMap":{"0":{"name":"(anonymous_0)","decl":{"start":{"line":4,"column":23},"end":{"line":4,"column":24}},"loc":{"start":{"line":4,"column":37},"end":{"line":4,"column":49}},"line":4}},"branchMap":{},"s":{"0":1,"1":1,"2":1,"3":0,"4":1,"5":1},"f":{"0":0},"b":{},"_coverageSchema":"332fd63041d2c1bcb487cc26dd0d5f7d97098a6c","hash":"d4da66ba3920e891484c60316827a6d428e3830d"}
,"/Volumes/WORK/React/Jogging-Tracking/server/api/models/user.model.js": {"path":"/Volumes/WORK/React/Jogging-Tracking/server/api/models/user.model.js","statementMap":{"0":{"start":{"line":1,"column":17},"end":{"line":1,"column":36}},"1":{"start":{"line":2,"column":15},"end":{"line":2,"column":32}},"2":{"start":{"line":3,"column":14},"end":{"line":3,"column":42}},"3":{"start":{"line":5,"column":15},"end":{"line":5,"column":30}},"4":{"start":{"line":6,"column":20},"end":{"line":6,"column":22}},"5":{"start":{"line":8,"column":19},"end":{"line":13,"column":2}},"6":{"start":{"line":15,"column":0},"end":{"line":24,"column":2}},"7":{"start":{"line":16,"column":2},"end":{"line":23,"column":5}},"8":{"start":{"line":17,"column":4},"end":{"line":22,"column":7}},"9":{"start":{"line":18,"column":6},"end":{"line":20,"column":7}},"10":{"start":{"line":19,"column":8},"end":{"line":19,"column":49}},"11":{"start":{"line":21,"column":6},"end":{"line":21,"column":27}},"12":{"start":{"line":26,"column":0},"end":{"line":35,"column":2}},"13":{"start":{"line":27,"column":2},"end":{"line":34,"column":5}},"14":{"start":{"line":28,"column":4},"end":{"line":33,"column":21}},"15":{"start":{"line":30,"column":8},"end":{"line":30,"column":36}},"16":{"start":{"line":30,"column":20},"end":{"line":30,"column":36}},"17":{"start":{"line":31,"column":8},"end":{"line":31,"column":25}},"18":{"start":{"line":37,"column":0},"end":{"line":48,"column":3}},"19":{"start":{"line":38,"column":2},"end":{"line":47,"column":3}},"20":{"start":{"line":39,"column":4},"end":{"line":44,"column":17}},"21":{"start":{"line":41,"column":6},"end":{"line":41,"column":31}},"22":{"start":{"line":42,"column":6},"end":{"line":42,"column":13}},"23":{"start":{"line":46,"column":4},"end":{"line":46,"column":11}},"24":{"start":{"line":50,"column":0},"end":{"line":50,"column":52}}},"fnMap":{"0":{"name":"hashPassword","decl":{"start":{"line":15,"column":43},"end":{"line":15,"column":55}},"loc":{"start":{"line":15,"column":66},"end":{"line":24,"column":1}},"line":15},"1":{"name":"(anonymous_1)","decl":{"start":{"line":16,"column":21},"end":{"line":16,"column":22}},"loc":{"start":{"line":16,"column":42},"end":{"line":23,"column":3}},"line":16},"2":{"name":"(anonymous_2)","decl":{"start":{"line":17,"column":39},"end":{"line":17,"column":40}},"loc":{"start":{"line":17,"column":54},"end":{"line":22,"column":5}},"line":17},"3":{"name":"authenticate","decl":{"start":{"line":26,"column":43},"end":{"line":26,"column":55}},"loc":{"start":{"line":26,"column":66},"end":{"line":35,"column":1}},"line":26},"4":{"name":"(anonymous_4)","decl":{"start":{"line":27,"column":21},"end":{"line":27,"column":22}},"loc":{"start":{"line":27,"column":42},"end":{"line":34,"column":3}},"line":27},"5":{"name":"(anonymous_5)","decl":{"start":{"line":29,"column":12},"end":{"line":29,"column":13}},"loc":{"start":{"line":29,"column":23},"end":{"line":32,"column":7}},"line":29},"6":{"name":"preSave","decl":{"start":{"line":37,"column":32},"end":{"line":37,"column":39}},"loc":{"start":{"line":37,"column":46},"end":{"line":48,"column":1}},"line":37},"7":{"name":"(anonymous_7)","decl":{"start":{"line":40,"column":10},"end":{"line":40,"column":11}},"loc":{"start":{"line":40,"column":24},"end":{"line":43,"column":5}},"line":40}},"branchMap":{"0":{"loc":{"start":{"line":18,"column":6},"end":{"line":20,"column":7}},"type":"if","locations":[{"start":{"line":18,"column":6},"end":{"line":20,"column":7}},{"start":{"line":18,"column":6},"end":{"line":20,"column":7}}],"line":18},"1":{"loc":{"start":{"line":30,"column":8},"end":{"line":30,"column":36}},"type":"if","locations":[{"start":{"line":30,"column":8},"end":{"line":30,"column":36}},{"start":{"line":30,"column":8},"end":{"line":30,"column":36}}],"line":30},"2":{"loc":{"start":{"line":38,"column":2},"end":{"line":47,"column":3}},"type":"if","locations":[{"start":{"line":38,"column":2},"end":{"line":47,"column":3}},{"start":{"line":38,"column":2},"end":{"line":47,"column":3}}],"line":38},"3":{"loc":{"start":{"line":38,"column":6},"end":{"line":38,"column":50}},"type":"binary-expr","locations":[{"start":{"line":38,"column":6},"end":{"line":38,"column":19}},{"start":{"line":38,"column":23},"end":{"line":38,"column":50}}],"line":38}},"s":{"0":1,"1":1,"2":1,"3":1,"4":1,"5":1,"6":1,"7":0,"8":0,"9":0,"10":0,"11":0,"12":1,"13":1,"14":1,"15":1,"16":0,"17":1,"18":1,"19":0,"20":0,"21":0,"22":0,"23":0,"24":1},"f":{"0":0,"1":0,"2":0,"3":1,"4":1,"5":1,"6":0,"7":0},"b":{"0":[0,0],"1":[0,1],"2":[0,0],"3":[0,0]},"_coverageSchema":"332fd63041d2c1bcb487cc26dd0d5f7d97098a6c","hash":"b858b3335a72d9021199f5e3fea108c8098f7fbf"}
,"/Volumes/WORK/React/Jogging-Tracking/server/api/policies/index.js": {"path":"/Volumes/WORK/React/Jogging-Tracking/server/api/policies/index.js","statementMap":{"0":{"start":{"line":2,"column":2},"end":{"line":9,"column":4}},"1":{"start":{"line":3,"column":4},"end":{"line":6,"column":5}},"2":{"start":{"line":4,"column":6},"end":{"line":4,"column":13}},"3":{"start":{"line":5,"column":6},"end":{"line":5,"column":13}},"4":{"start":{"line":8,"column":4},"end":{"line":8,"column":64}},"5":{"start":{"line":12,"column":0},"end":{"line":14,"column":2}}},"fnMap":{"0":{"name":"checkRoles","decl":{"start":{"line":1,"column":9},"end":{"line":1,"column":19}},"loc":{"start":{"line":1,"column":27},"end":{"line":10,"column":1}},"line":1},"1":{"name":"(anonymous_1)","decl":{"start":{"line":2,"column":9},"end":{"line":2,"column":10}},"loc":{"start":{"line":2,"column":29},"end":{"line":9,"column":3}},"line":2}},"branchMap":{"0":{"loc":{"start":{"line":3,"column":4},"end":{"line":6,"column":5}},"type":"if","locations":[{"start":{"line":3,"column":4},"end":{"line":6,"column":5}},{"start":{"line":3,"column":4},"end":{"line":6,"column":5}}],"line":3}},"s":{"0":2,"1":0,"2":0,"3":0,"4":0,"5":1},"f":{"0":2,"1":0},"b":{"0":[0,0]},"_coverageSchema":"332fd63041d2c1bcb487cc26dd0d5f7d97098a6c","hash":"f2aef36d689a2a615f9c223057555d1ff20afb66"}
,"/Volumes/WORK/React/Jogging-Tracking/server/api/routes/auth.route.js": {"path":"/Volumes/WORK/React/Jogging-Tracking/server/api/routes/auth.route.js","statementMap":{"0":{"start":{"line":1,"column":16},"end":{"line":1,"column":34}},"1":{"start":{"line":2,"column":17},"end":{"line":2,"column":58}},"2":{"start":{"line":3,"column":15},"end":{"line":3,"column":31}},"3":{"start":{"line":5,"column":0},"end":{"line":6,"column":24}},"4":{"start":{"line":8,"column":0},"end":{"line":9,"column":25}},"5":{"start":{"line":11,"column":0},"end":{"line":11,"column":24}}},"fnMap":{},"branchMap":{},"s":{"0":1,"1":1,"2":1,"3":1,"4":1,"5":1},"f":{},"b":{},"_coverageSchema":"332fd63041d2c1bcb487cc26dd0d5f7d97098a6c","hash":"28b911542dc9402aa3ebfc106cc2360617c5d58a"}
,"/Volumes/WORK/React/Jogging-Tracking/server/api/routes/index.js": {"path":"/Volumes/WORK/React/Jogging-Tracking/server/api/routes/index.js","statementMap":{"0":{"start":{"line":1,"column":16},"end":{"line":1,"column":34}},"1":{"start":{"line":2,"column":19},"end":{"line":2,"column":41}},"2":{"start":{"line":3,"column":15},"end":{"line":3,"column":38}},"3":{"start":{"line":5,"column":18},"end":{"line":5,"column":41}},"4":{"start":{"line":6,"column":20},"end":{"line":6,"column":45}},"5":{"start":{"line":7,"column":18},"end":{"line":7,"column":41}},"6":{"start":{"line":8,"column":21},"end":{"line":8,"column":47}},"7":{"start":{"line":10,"column":15},"end":{"line":10,"column":31}},"8":{"start":{"line":11,"column":23},"end":{"line":11,"column":63}},"9":{"start":{"line":13,"column":0},"end":{"line":13,"column":31}},"10":{"start":{"line":14,"column":0},"end":{"line":14,"column":52}},"11":{"start":{"line":15,"column":0},"end":{"line":15,"column":48}},"12":{"start":{"line":16,"column":0},"end":{"line":16,"column":53}},"13":{"start":{"line":18,"column":0},"end":{"line":18,"column":24}}},"fnMap":{},"branchMap":{},"s":{"0":1,"1":1,"2":1,"3":1,"4":1,"5":1,"6":1,"7":1,"8":1,"9":1,"10":1,"11":1,"12":1,"13":1},"f":{},"b":{},"_coverageSchema":"332fd63041d2c1bcb487cc26dd0d5f7d97098a6c","hash":"0afa9e21e1925d077262732b486334dbbf53005b"}
,"/Volumes/WORK/React/Jogging-Tracking/server/api/routes/profile.route.js": {"path":"/Volumes/WORK/React/Jogging-Tracking/server/api/routes/profile.route.js","statementMap":{"0":{"start":{"line":1,"column":16},"end":{"line":1,"column":34}},"1":{"start":{"line":2,"column":17},"end":{"line":2,"column":58}},"2":{"start":{"line":4,"column":15},"end":{"line":4,"column":31}},"3":{"start":{"line":6,"column":0},"end":{"line":6,"column":32}},"4":{"start":{"line":8,"column":0},"end":{"line":10,"column":25}},"5":{"start":{"line":12,"column":0},"end":{"line":12,"column":24}}},"fnMap":{},"branchMap":{},"s":{"0":1,"1":1,"2":1,"3":1,"4":1,"5":1},"f":{},"b":{},"_coverageSchema":"332fd63041d2c1bcb487cc26dd0d5f7d97098a6c","hash":"95e32d226db04f2a09310481dcde894ea155adee"}
,"/Volumes/WORK/React/Jogging-Tracking/server/api/routes/record.route.js": {"path":"/Volumes/WORK/React/Jogging-Tracking/server/api/routes/record.route.js","statementMap":{"0":{"start":{"line":1,"column":16},"end":{"line":1,"column":34}},"1":{"start":{"line":2,"column":19},"end":{"line":2,"column":62}},"2":{"start":{"line":3,"column":14},"end":{"line":3,"column":42}},"3":{"start":{"line":4,"column":17},"end":{"line":4,"column":39}},"4":{"start":{"line":6,"column":15},"end":{"line":6,"column":31}},"5":{"start":{"line":7,"column":0},"end":{"line":7,"column":59}},"6":{"start":{"line":9,"column":0},"end":{"line":11,"column":27}},"7":{"start":{"line":13,"column":0},"end":{"line":14,"column":32}},"8":{"start":{"line":16,"column":0},"end":{"line":19,"column":29}},"9":{"start":{"line":21,"column":0},"end":{"line":21,"column":51}},"10":{"start":{"line":23,"column":0},"end":{"line":23,"column":24}}},"fnMap":{},"branchMap":{},"s":{"0":1,"1":1,"2":1,"3":1,"4":1,"5":1,"6":1,"7":1,"8":1,"9":1,"10":1},"f":{},"b":{},"_coverageSchema":"332fd63041d2c1bcb487cc26dd0d5f7d97098a6c","hash":"81742db94cdcef3461255e078d2498451307cf13"}
,"/Volumes/WORK/React/Jogging-Tracking/server/api/routes/user.route.js": {"path":"/Volumes/WORK/React/Jogging-Tracking/server/api/routes/user.route.js","statementMap":{"0":{"start":{"line":1,"column":16},"end":{"line":1,"column":34}},"1":{"start":{"line":2,"column":17},"end":{"line":2,"column":58}},"2":{"start":{"line":3,"column":14},"end":{"line":3,"column":42}},"3":{"start":{"line":4,"column":17},"end":{"line":4,"column":39}},"4":{"start":{"line":6,"column":15},"end":{"line":6,"column":31}},"5":{"start":{"line":8,"column":0},"end":{"line":8,"column":62}},"6":{"start":{"line":10,"column":0},"end":{"line":12,"column":25}},"7":{"start":{"line":14,"column":0},"end":{"line":17,"column":27}},"8":{"start":{"line":19,"column":0},"end":{"line":19,"column":45}},"9":{"start":{"line":21,"column":0},"end":{"line":21,"column":24}}},"fnMap":{},"branchMap":{},"s":{"0":1,"1":1,"2":1,"3":1,"4":1,"5":1,"6":1,"7":1,"8":1,"9":1},"f":{},"b":{},"_coverageSchema":"332fd63041d2c1bcb487cc26dd0d5f7d97098a6c","hash":"b37f74a4263bf7696e4d06c8ce067cde80411492"}
,"/Volumes/WORK/React/Jogging-Tracking/server/middlewares/backendMiddleware.js": {"path":"/Volumes/WORK/React/Jogging-Tracking/server/middlewares/backendMiddleware.js","statementMap":{"0":{"start":{"line":2,"column":19},"end":{"line":2,"column":41}},"1":{"start":{"line":3,"column":17},"end":{"line":3,"column":36}},"2":{"start":{"line":4,"column":15},"end":{"line":4,"column":35}},"3":{"start":{"line":5,"column":18},"end":{"line":5,"column":42}},"4":{"start":{"line":7,"column":0},"end":{"line":24,"column":2}},"5":{"start":{"line":8,"column":2},"end":{"line":8,"column":36}},"6":{"start":{"line":9,"column":2},"end":{"line":19,"column":5}},"7":{"start":{"line":10,"column":4},"end":{"line":13,"column":5}},"8":{"start":{"line":11,"column":6},"end":{"line":11,"column":74}},"9":{"start":{"line":12,"column":6},"end":{"line":12,"column":18}},"10":{"start":{"line":14,"column":4},"end":{"line":14,"column":40}},"11":{"start":{"line":16,"column":4},"end":{"line":18,"column":5}},"12":{"start":{"line":17,"column":6},"end":{"line":17,"column":11}},"13":{"start":{"line":21,"column":2},"end":{"line":21,"column":46}},"14":{"start":{"line":22,"column":2},"end":{"line":22,"column":69}},"15":{"start":{"line":23,"column":2},"end":{"line":23,"column":29}}},"fnMap":{"0":{"name":"(anonymous_0)","decl":{"start":{"line":7,"column":17},"end":{"line":7,"column":18}},"loc":{"start":{"line":7,"column":30},"end":{"line":24,"column":1}},"line":7},"1":{"name":"(anonymous_1)","decl":{"start":{"line":9,"column":36},"end":{"line":9,"column":37}},"loc":{"start":{"line":9,"column":47},"end":{"line":19,"column":3}},"line":9}},"branchMap":{"0":{"loc":{"start":{"line":10,"column":4},"end":{"line":13,"column":5}},"type":"if","locations":[{"start":{"line":10,"column":4},"end":{"line":13,"column":5}},{"start":{"line":10,"column":4},"end":{"line":13,"column":5}}],"line":10},"1":{"loc":{"start":{"line":16,"column":4},"end":{"line":18,"column":5}},"type":"if","locations":[{"start":{"line":16,"column":4},"end":{"line":18,"column":5}},{"start":{"line":16,"column":4},"end":{"line":18,"column":5}}],"line":16}},"s":{"0":1,"1":1,"2":1,"3":1,"4":1,"5":1,"6":1,"7":1,"8":0,"9":0,"10":1,"11":1,"12":1,"13":1,"14":1,"15":1},"f":{"0":1,"1":1},"b":{"0":[0,1],"1":[1,0]},"_coverageSchema":"332fd63041d2c1bcb487cc26dd0d5f7d97098a6c","hash":"6ab02d590b6d19b7bbcc2e61af99b32d24509f49"}
}
