TN:
SF:/Volumes/WORK/React/Jogging-Tracking/server/config.js
FNF:0
FNH:0
DA:1,1
DA:4,1
DA:5,1
DA:7,0
DA:10,1
LF:5
LH:4
BRF:0
BRH:0
end_of_record
TN:
SF:/Volumes/WORK/React/Jogging-Tracking/server/api/constants/role.js
FNF:0
FNH:0
DA:1,1
LF:1
LH:1
BRF:0
BRH:0
end_of_record
TN:
SF:/Volumes/WORK/React/Jogging-Tracking/server/api/controllers/auth.controller.js
FN:5,login
FN:9,(anonymous_1)
FN:15,(anonymous_2)
FN:31,(anonymous_3)
FN:38,signup
FN:46,(anonymous_5)
FNF:6
FNH:3
FNDA:2,login
FNDA:2,(anonymous_1)
FNDA:1,(anonymous_2)
FNDA:0,(anonymous_3)
FNDA:0,signup
FNDA:0,(anonymous_5)
DA:1,1
DA:2,1
DA:3,1
DA:6,2
DA:10,2
DA:11,1
DA:14,1
DA:16,1
DA:23,1
DA:32,0
DA:39,0
DA:45,0
DA:47,0
DA:52,1
LF:14
LH:10
BRDA:10,0,0,1
BRDA:10,0,1,1
BRF:2
BRH:2
end_of_record
TN:
SF:/Volumes/WORK/React/Jogging-Tracking/server/api/controllers/record.controller.js
FN:5,create
FN:10,(anonymous_1)
FN:16,update
FN:20,(anonymous_3)
FN:26,read
FN:30,list
FN:41,(anonymous_6)
FN:47,remove
FN:48,(anonymous_8)
FN:54,weeklyReport
FN:72,(anonymous_10)
FN:83,getRecordByID
FN:85,(anonymous_12)
FNF:13
FNH:0
FNDA:0,create
FNDA:0,(anonymous_1)
FNDA:0,update
FNDA:0,(anonymous_3)
FNDA:0,read
FNDA:0,list
FNDA:0,(anonymous_6)
FNDA:0,remove
FNDA:0,(anonymous_8)
FNDA:0,weeklyReport
FNDA:0,(anonymous_10)
FNDA:0,getRecordByID
FNDA:0,(anonymous_12)
DA:1,1
DA:2,1
DA:3,1
DA:6,0
DA:7,0
DA:9,0
DA:11,0
DA:17,0
DA:19,0
DA:21,0
DA:27,0
DA:31,0
DA:32,0
DA:33,0
DA:34,0
DA:37,0
DA:42,0
DA:48,0
DA:49,0
DA:55,0
DA:56,0
DA:57,0
DA:60,0
DA:73,0
DA:74,0
DA:79,0
DA:84,0
DA:86,0
DA:87,0
DA:88,0
DA:91,0
DA:92,0
DA:93,0
DA:96,0
DA:97,0
DA:102,1
LF:36
LH:4
BRDA:33,0,0,0
BRDA:33,0,1,0
BRDA:56,1,0,0
BRDA:56,1,1,0
BRDA:73,2,0,0
BRDA:73,2,1,0
BRDA:86,3,0,0
BRDA:86,3,1,0
BRDA:91,4,0,0
BRDA:91,4,1,0
BRDA:91,5,0,0
BRDA:91,5,1,0
BRF:12
BRH:0
end_of_record
TN:
SF:/Volumes/WORK/React/Jogging-Tracking/server/api/controllers/user.controller.js
FN:4,create
FN:16,(anonymous_1)
FN:22,update
FN:37,(anonymous_3)
FN:43,read
FN:47,list
FN:54,(anonymous_6)
FN:60,remove
FN:61,(anonymous_8)
FN:67,getUserByID
FN:69,(anonymous_10)
FN:81,getProfile
FN:83,(anonymous_12)
FNF:13
FNH:0
FNDA:0,create
FNDA:0,(anonymous_1)
FNDA:0,update
FNDA:0,(anonymous_3)
FNDA:0,read
FNDA:0,list
FNDA:0,(anonymous_6)
FNDA:0,remove
FNDA:0,(anonymous_8)
FNDA:0,getUserByID
FNDA:0,(anonymous_10)
FNDA:0,getProfile
FNDA:0,(anonymous_12)
DA:1,1
DA:2,1
DA:5,0
DA:11,0
DA:12,0
DA:15,0
DA:17,0
DA:23,0
DA:28,0
DA:29,0
DA:32,0
DA:33,0
DA:36,0
DA:38,0
DA:44,0
DA:48,0
DA:49,0
DA:50,0
DA:53,0
DA:55,0
DA:61,0
DA:62,0
DA:68,0
DA:70,0
DA:71,0
DA:72,0
DA:75,0
DA:76,0
DA:82,0
DA:84,0
DA:85,0
DA:86,0
DA:89,0
DA:90,0
DA:95,1
LF:35
LH:3
BRDA:11,0,0,0
BRDA:11,0,1,0
BRDA:11,1,0,0
BRDA:11,1,1,0
BRDA:28,2,0,0
BRDA:28,2,1,0
BRDA:32,3,0,0
BRDA:32,3,1,0
BRDA:32,4,0,0
BRDA:32,4,1,0
BRDA:49,5,0,0
BRDA:49,5,1,0
BRDA:70,6,0,0
BRDA:70,6,1,0
BRDA:84,7,0,0
BRDA:84,7,1,0
BRF:16
BRH:0
end_of_record
TN:
SF:/Volumes/WORK/React/Jogging-Tracking/server/api/models/record.model.js
FN:4,(anonymous_0)
FNF:1
FNH:0
FNDA:0,(anonymous_0)
DA:1,1
DA:2,1
DA:4,1
DA:6,1
DA:28,1
LF:5
LH:5
BRF:0
BRH:0
end_of_record
TN:
SF:/Volumes/WORK/React/Jogging-Tracking/server/api/models/user.model.js
FN:15,hashPassword
FN:16,(anonymous_1)
FN:17,(anonymous_2)
FN:26,authenticate
FN:27,(anonymous_4)
FN:29,(anonymous_5)
FN:37,preSave
FN:40,(anonymous_7)
FNF:8
FNH:3
FNDA:0,hashPassword
FNDA:0,(anonymous_1)
FNDA:0,(anonymous_2)
FNDA:1,authenticate
FNDA:1,(anonymous_4)
FNDA:1,(anonymous_5)
FNDA:0,preSave
FNDA:0,(anonymous_7)
DA:1,1
DA:2,1
DA:3,1
DA:5,1
DA:6,1
DA:8,1
DA:15,1
DA:16,0
DA:17,0
DA:18,0
DA:19,0
DA:21,0
DA:26,1
DA:27,1
DA:28,1
DA:30,1
DA:31,1
DA:37,1
DA:38,0
DA:39,0
DA:41,0
DA:42,0
DA:46,0
DA:50,1
LF:24
LH:14
BRDA:18,0,0,0
BRDA:18,0,1,0
BRDA:30,1,0,0
BRDA:30,1,1,1
BRDA:38,2,0,0
BRDA:38,2,1,0
BRDA:38,3,0,0
BRDA:38,3,1,0
BRF:8
BRH:1
end_of_record
TN:
SF:/Volumes/WORK/React/Jogging-Tracking/server/api/policies/index.js
FN:1,checkRoles
FN:2,(anonymous_1)
FNF:2
FNH:1
FNDA:2,checkRoles
FNDA:0,(anonymous_1)
DA:2,2
DA:3,0
DA:4,0
DA:5,0
DA:8,0
DA:12,1
LF:6
LH:2
BRDA:3,0,0,0
BRDA:3,0,1,0
BRF:2
BRH:0
end_of_record
TN:
SF:/Volumes/WORK/React/Jogging-Tracking/server/api/routes/auth.route.js
FNF:0
FNH:0
DA:1,1
DA:2,1
DA:3,1
DA:5,1
DA:8,1
DA:11,1
LF:6
LH:6
BRF:0
BRH:0
end_of_record
TN:
SF:/Volumes/WORK/React/Jogging-Tracking/server/api/routes/index.js
FNF:0
FNH:0
DA:1,1
DA:2,1
DA:3,1
DA:5,1
DA:6,1
DA:7,1
DA:8,1
DA:10,1
DA:11,1
DA:13,1
DA:14,1
DA:15,1
DA:16,1
DA:18,1
LF:14
LH:14
BRF:0
BRH:0
end_of_record
TN:
SF:/Volumes/WORK/React/Jogging-Tracking/server/api/routes/profile.route.js
FNF:0
FNH:0
DA:1,1
DA:2,1
DA:4,1
DA:6,1
DA:8,1
DA:12,1
LF:6
LH:6
BRF:0
BRH:0
end_of_record
TN:
SF:/Volumes/WORK/React/Jogging-Tracking/server/api/routes/record.route.js
FNF:0
FNH:0
DA:1,1
DA:2,1
DA:3,1
DA:4,1
DA:6,1
DA:7,1
DA:9,1
DA:13,1
DA:16,1
DA:21,1
DA:23,1
LF:11
LH:11
BRF:0
BRH:0
end_of_record
TN:
SF:/Volumes/WORK/React/Jogging-Tracking/server/api/routes/user.route.js
FNF:0
FNH:0
DA:1,1
DA:2,1
DA:3,1
DA:4,1
DA:6,1
DA:8,1
DA:10,1
DA:14,1
DA:19,1
DA:21,1
LF:10
LH:10
BRF:0
BRH:0
end_of_record
TN:
SF:/Volumes/WORK/React/Jogging-Tracking/server/middlewares/backendMiddleware.js
FN:7,(anonymous_0)
FN:9,(anonymous_1)
FNF:2
FNH:2
FNDA:1,(anonymous_0)
FNDA:1,(anonymous_1)
DA:2,1
DA:3,1
DA:4,1
DA:5,1
DA:7,1
DA:8,1
DA:9,1
DA:10,1
DA:11,0
DA:12,0
DA:14,1
DA:16,1
DA:17,1
DA:21,1
DA:22,1
DA:23,1
LF:16
LH:14
BRDA:10,0,0,0
BRDA:10,0,1,1
BRDA:16,1,0,1
BRDA:16,1,1,0
BRF:4
BRH:2
end_of_record
